<?xml version="1.0" encoding="UTF-8"?>
<!-- Generated by org.testng.reporters.JUnitXMLReporter -->
<testsuite ignored="0" hostname="DESKTOP-JCE9V8H" failures="0" tests="3" name="Default test" time="13.636" errors="0" timestamp="2025-09-29T14:28:08 IST">
  <testcase classname="akhiraacademy.Tests.FinalSolution" name="submitOrder" time="6.67"/>
  <testcase classname="akhiraacademy.Tests.FinalSolution" name="submitOrder" time="5.398"/>
  <testcase classname="akhiraacademy.Tests.FinalSolution" name="LogoutApplication" time="1.314"/>
</testsuite> <!-- Default test -->
