<?xml version="1.0" encoding="UTF-8"?>
<!-- Generated by org.testng.reporters.JUnitXMLReporter -->
<testsuite ignored="0" hostname="DESKTOP-JCE9V8H" failures="0" tests="3" name="SubmitTest" time="13.332" errors="0" timestamp="2025-09-29T10:10:38 IST">
  <testcase classname="akhiraacademy.Tests.FinalSolutionJson" name="submitOrder" time="6.225"/>
  <testcase classname="akhiraacademy.Tests.FinalSolutionJson" name="submitOrder" time="4.891"/>
  <testcase classname="akhiraacademy.Tests.FinalSolutionJson" name="LogoutApplication" time="1.311"/>
</testsuite> <!-- SubmitTest -->
