<?xml version="1.0" encoding="UTF-8"?>
<testsuite xmlns:xsi="http://www.w3.org/2001/XMLSchema-instance" xsi:noNamespaceSchemaLocation="https://maven.apache.org/surefire/maven-surefire-plugin/xsd/surefire-test-report-3.0.xsd" version="3.0" name="AllureReports.allure.CucumberRunnerTests" time="8.574" tests="11" errors="0" skipped="10" failures="0">
  <properties>
[...]
</properties>
  <testcase name="Simple addition" classname="Calculator" time="5.598">
    <system-out><![CDATA[
@Addition
&amp#27;[1mScenario:&amp#27;[22m Simple addition                    &amp#27;[90m# classpath:features/Addition.feature:4&amp#27;[0m
Starting addition scenario
  &amp#27;[32mâœ”&amp#27;[0m &amp#27;[32m&amp#27;[1mGiven &amp#27;[22mAddition scenario&amp#27;[0m                  &amp#27;[90m# AllureReports.allure.definitions.MyCalculatorTest.additionScenario()&amp#27;[0m
Sum calculated: 9.0
  &amp#27;[32mâœ”&amp#27;[0m &amp#27;[32m&amp#27;[1mWhen &amp#27;[22mUser enters n1 as &amp#27;[1m4.0&amp#27;[22m and n2 as &amp#27;[1m5.0&amp#27;[22m&amp#27;[0m &amp#27;[90m# AllureReports.allure.definitions.MyCalculatorTest.user_enters_numbers(double,double)&amp#27;[0m
Addition validated successfully
  &amp#27;[32mâœ”&amp#27;[0m &amp#27;[32m&amp#27;[1mThen &amp#27;[22mAddition result should be &amp#27;[1m9.0&amp#27;[22m&amp#27;[0m       &amp#27;[90m# AllureReports.allure.definitions.MyCalculatorTest.addition_should_be(double)&amp#27;[0m
]]></system-out>
    <system-err><![CDATA[Sep 29, 2025 7:35:47 PM org.openqa.selenium.devtools.CdpVersionFinder findNearestMatch
WARNING: Unable to find CDP implementation matching 140
Sep 29, 2025 7:35:47 PM org.openqa.selenium.chromium.ChromiumDriver lambda$new$5
WARNING: Unable to find version of CDP to use for 140.0.7339.208. You may need to include a dependency on a specific version of the CDP using something similar to `org.seleniumhq.selenium:selenium-devtools-v86:4.26.0` where the version ("v86") matches the version of the chromium-based browser you're using and the version number of the artifact is the same as Selenium's.
]]></system-err>
  </testcase>
  <testcase name="Login with valid credentials" classname="Login to HRM Application" time="0.0">
    <skipped message="&apos;cucumber.filter.tags=@Addition&apos; did not match this scenario"/>
  </testcase>
  <testcase name="Example #1.1" classname="Examples" time="0.0">
    <skipped message="&apos;cucumber.filter.tags=@Addition&apos; did not match this scenario"/>
  </testcase>
  <testcase name="Example #1.1" classname="Examples" time="0.0">
    <skipped message="&apos;cucumber.filter.tags=@Addition&apos; did not match this scenario"/>
  </testcase>
  <testcase name="Example #1.2" classname="Examples" time="0.0">
    <skipped message="&apos;cucumber.filter.tags=@Addition&apos; did not match this scenario"/>
  </testcase>
  <testcase name="Example #1.2" classname="Examples" time="0.0">
    <skipped message="&apos;cucumber.filter.tags=@Addition&apos; did not match this scenario"/>
  </testcase>
  <testcase name="Example #1.3" classname="Examples" time="0.0">
    <skipped message="&apos;cucumber.filter.tags=@Addition&apos; did not match this scenario"/>
  </testcase>
  <testcase name="Example #1.3" classname="Examples" time="0.0">
    <skipped message="&apos;cucumber.filter.tags=@Addition&apos; did not match this scenario"/>
  </testcase>
  <testcase name="Example #1.4" classname="Examples" time="0.0">
    <skipped message="&apos;cucumber.filter.tags=@Addition&apos; did not match this scenario"/>
  </testcase>
  <testcase name="Test Cucumber setup" classname="Dummy" time="0.0">
    <skipped message="&apos;cucumber.filter.tags=@Addition&apos; did not match this scenario"/>
  </testcase>
  <testcase name="Verify if Delete Place functionality is working" classname="Validating Place APIs" time="0.0">
    <skipped message="&apos;cucumber.filter.tags=@Addition&apos; did not match this scenario"/>
  </testcase>
</testsuite>