<?xml version="1.0" encoding="UTF-8"?>
<testng-results ignored="0" total="3" passed="3" failed="0" skipped="0">
  <reporter-output>
  </reporter-output>
  <suite started-at="2025-09-29T14:27:55 IST" name="Default suite" finished-at="2025-09-29T14:28:08 IST" duration-ms="13636">
    <groups>
    </groups>
    <test started-at="2025-09-29T14:27:55 IST" name="Default test" finished-at="2025-09-29T14:28:08 IST" duration-ms="13636">
      <class name="akhiraacademy.Tests.FinalSolution">
        <test-method signature="submitOrder(java.lang.String,java.lang.String,java.lang.String,java.lang.String,java.lang.String,java.lang.String)[pri:0, instance:akhiraacademy.Tests.FinalSolution@5f780a86]" started-at="2025-09-29T14:27:55 IST" name="submitOrder" data-provider="getData" finished-at="2025-09-29T14:28:01 IST" duration-ms="6670" status="PASS">
          <params>
            <param index="0">
              <value>
                <![CDATA[standard_user]]>
              </value>
            </param>
            <param index="1">
              <value>
                <![CDATA[secret_sauce]]>
              </value>
            </param>
            <param index="2">
              <value>
                <![CDATA[Sauce Labs Backpack]]>
              </value>
            </param>
            <param index="3">
              <value>
                <![CDATA[Ashwin]]>
              </value>
            </param>
            <param index="4">
              <value>
                <![CDATA[Kumar]]>
              </value>
            </param>
            <param index="5">
              <value>
                <![CDATA[502032]]>
              </value>
            </param>
          </params>
          <reporter-output>
          </reporter-output>
        </test-method> <!-- submitOrder -->
        <test-method signature="submitOrder(java.lang.String,java.lang.String,java.lang.String,java.lang.String,java.lang.String,java.lang.String)[pri:0, instance:akhiraacademy.Tests.FinalSolution@5f780a86]" started-at="2025-09-29T14:28:02 IST" name="submitOrder" data-provider="getData" finished-at="2025-09-29T14:28:07 IST" duration-ms="5398" status="PASS">
          <params>
            <param index="0">
              <value>
                <![CDATA[visual_user]]>
              </value>
            </param>
            <param index="1">
              <value>
                <![CDATA[secret_sauce]]>
              </value>
            </param>
            <param index="2">
              <value>
                <![CDATA[Sauce Labs Backpack]]>
              </value>
            </param>
            <param index="3">
              <value>
                <![CDATA[Akhira]]>
              </value>
            </param>
            <param index="4">
              <value>
                <![CDATA[Kumar]]>
              </value>
            </param>
            <param index="5">
              <value>
                <![CDATA[502032]]>
              </value>
            </param>
          </params>
          <reporter-output>
          </reporter-output>
        </test-method> <!-- submitOrder -->
        <test-method signature="LogoutApplication()[pri:0, instance:akhiraacademy.Tests.FinalSolution@5f780a86]" started-at="2025-09-29T14:28:07 IST" name="LogoutApplication" finished-at="2025-09-29T14:28:08 IST" depends-on-methods="akhiraacademy.Tests.FinalSolution.submitOrder" duration-ms="1314" status="PASS">
          <reporter-output>
          </reporter-output>
        </test-method> <!-- LogoutApplication -->
      </class> <!-- akhiraacademy.Tests.FinalSolution -->
    </test> <!-- Default test -->
  </suite> <!-- Default suite -->
</testng-results>
